c:\users\wjdgu\desktop\네겜프\ngp 131g-randomnumcomm\ngp 132g-randomnumslave\debug\vc141.pdb
c:\users\wjdgu\desktop\네겜프\ngp 131g-randomnumcomm\ngp 132g-randomnumslave\debug\tcpclientpacket.obj
c:\users\wjdgu\desktop\네겜프\ngp 131g-randomnumcomm\ngp 132g-randomnumslave\debug\spriterandomslave.obj
c:\users\wjdgu\desktop\네겜프\ngp 131g-randomnumcomm\ngp 132g-randomnumslave\debug\packet.obj
c:\users\wjdgu\desktop\네겜프\ngp 131g-randomnumcomm\ngp 132g-randomnumslave\debug\dsutil.obj
c:\users\wjdgu\desktop\네겜프\ngp 131g-randomnumcomm\ngp 132g-randomnumslave\debug\ddutil.obj
c:\users\wjdgu\desktop\네겜프\ngp 131g-randomnumcomm\ngp 132g-randomnumslave\debug\slave.exe
c:\users\wjdgu\desktop\네겜프\ngp 131g-randomnumcomm\ngp 132g-randomnumslave\debug\slave.ilk
c:\users\wjdgu\desktop\네겜프\ngp 131g-randomnumcomm\ngp 132g-randomnumslave\debug\slave.pdb
c:\users\wjdgu\desktop\20154093_이정혁_최종과제\slave\debug\ddutil.obj
c:\users\wjdgu\desktop\20154093_이정혁_최종과제\slave\debug\dsutil.obj
c:\users\wjdgu\desktop\20154093_이정혁_최종과제\slave\debug\packet.obj
c:\users\wjdgu\desktop\20154093_이정혁_최종과제\slave\debug\spriterandomslave.obj
c:\users\wjdgu\desktop\20154093_이정혁_최종과제\slave\debug\tcpclientpacket.obj
c:\users\wjdgu\desktop\20154093_이정혁_최종과제\slave\debug\slave.ilk
c:\users\wjdgu\desktop\20154093_이정혁_최종과제\slave\debug\slave.pdb
c:\users\wjdgu\desktop\20154093_이정혁_최종과제\slave\debug\vc141.pdb
c:\users\wjdgu\desktop\20154093_이정혁_최종과제\slave\debug\slave.tlog\cl.command.1.tlog
c:\users\wjdgu\desktop\20154093_이정혁_최종과제\slave\debug\slave.tlog\cl.read.1.tlog
c:\users\wjdgu\desktop\20154093_이정혁_최종과제\slave\debug\slave.tlog\cl.write.1.tlog
c:\users\wjdgu\desktop\20154093_이정혁_최종과제\slave\debug\slave.tlog\link.command.1.tlog
c:\users\wjdgu\desktop\20154093_이정혁_최종과제\slave\debug\slave.tlog\link.read.1.tlog
c:\users\wjdgu\desktop\20154093_이정혁_최종과제\slave\debug\slave.tlog\link.write.1.tlog
